<?xml version="1.0" encoding="UTF-8"?>
<!-- Generated by org.testng.reporters.JUnitReportReporter -->
<testsuite hostname="DESKTOP-26LASGN" failures="0" tests="1" name="test.AddContactTest" time="18.075" errors="0" timestamp="2022-02-03T15:50:03 EST" skipped="0">
  <testcase classname="test.AddContactTest" name="validUserShouldBeAbletoAddCustomer" time="18.075"/>
  <system-out/>
</testsuite> <!-- test.AddContactTest -->
