<?xml version="1.0" encoding="UTF-8"?>
<!-- Generated by org.testng.reporters.JUnitReportReporter -->
<testsuite hostname="DESKTOP-26LASGN" failures="0" tests="1" name="test.LoginTest" time="8.281" errors="0" timestamp="2022-02-02T01:15:07 EST" skipped="0">
  <testcase classname="test.LoginTest" name="verifiedUserShouldBeAbleToLogin" time="8.281"/>
  <system-out/>
</testsuite> <!-- test.LoginTest -->
